0 info it worked if it ends with ok
1 verbose cli [ '/home/ubuntu/.nvm/versions/node/v4.6.1/bin/node',
1 verbose cli   '/home/ubuntu/.nvm/versions/node/v4.6.1/bin/npm',
1 verbose cli   'bugs',
1 verbose cli   'url-shortener' ]
2 info using npm@4.1.1
3 info using node@v4.6.1
4 silly fetchPackageMetaData url-shortener
5 silly fetchNamedPackageData url-shortener
6 silly mapToRegistry name url-shortener
7 silly mapToRegistry using default registry
8 silly mapToRegistry registry https://registry.npmjs.org/
9 silly mapToRegistry data Result {
9 silly mapToRegistry   raw: 'url-shortener',
9 silly mapToRegistry   scope: null,
9 silly mapToRegistry   escapedName: 'url-shortener',
9 silly mapToRegistry   name: 'url-shortener',
9 silly mapToRegistry   rawSpec: '',
9 silly mapToRegistry   spec: 'latest',
9 silly mapToRegistry   type: 'tag' }
10 silly mapToRegistry uri https://registry.npmjs.org/url-shortener
11 verbose request uri https://registry.npmjs.org/url-shortener
12 verbose request no auth needed
13 info attempt registry request try #1 at 5:23:25 PM
14 verbose request id deca94c9b34a25e1
15 http request GET https://registry.npmjs.org/url-shortener
16 http 200 https://registry.npmjs.org/url-shortener
17 verbose headers { server: 'nginx/1.10.1',
17 verbose headers   'content-type': 'application/json',
17 verbose headers   'last-modified': 'Sat, 16 May 2015 06:21:53 GMT',
17 verbose headers   etag: 'W/"5556e201-274a"',
17 verbose headers   'content-encoding': 'gzip',
17 verbose headers   'cache-control': 'max-age=300',
17 verbose headers   'content-length': '1657',
17 verbose headers   'accept-ranges': 'bytes',
17 verbose headers   date: 'Thu, 26 Jan 2017 17:23:25 GMT',
17 verbose headers   via: '1.1 varnish',
17 verbose headers   age: '0',
17 verbose headers   connection: 'keep-alive',
17 verbose headers   'x-served-by': 'cache-ord1744-ORD',
17 verbose headers   'x-cache': 'MISS',
17 verbose headers   'x-cache-hits': '0',
17 verbose headers   'x-timer': 'S1485451405.438545,VS0,VE48',
17 verbose headers   vary: 'Accept-Encoding' }
18 silly get cb [ 200,
18 silly get   { server: 'nginx/1.10.1',
18 silly get     'content-type': 'application/json',
18 silly get     'last-modified': 'Sat, 16 May 2015 06:21:53 GMT',
18 silly get     etag: 'W/"5556e201-274a"',
18 silly get     'content-encoding': 'gzip',
18 silly get     'cache-control': 'max-age=300',
18 silly get     'content-length': '1657',
18 silly get     'accept-ranges': 'bytes',
18 silly get     date: 'Thu, 26 Jan 2017 17:23:25 GMT',
18 silly get     via: '1.1 varnish',
18 silly get     age: '0',
18 silly get     connection: 'keep-alive',
18 silly get     'x-served-by': 'cache-ord1744-ORD',
18 silly get     'x-cache': 'MISS',
18 silly get     'x-cache-hits': '0',
18 silly get     'x-timer': 'S1485451405.438545,VS0,VE48',
18 silly get     vary: 'Accept-Encoding' } ]
19 verbose get saving url-shortener to /home/ubuntu/.npm/registry.npmjs.org/url-shortener/.cache.json
20 verbose correctMkdir /home/ubuntu/.npm correctMkdir not in flight; initializing
21 silly bugs url https://github.com/bahamas10/node-url-shortener/issues
22 verbose stack Error: spawn xdg-open ENOENT
22 verbose stack     at exports._errnoException (util.js:907:11)
22 verbose stack     at Process.ChildProcess._handle.onexit (internal/child_process.js:178:32)
22 verbose stack     at onErrorNT (internal/child_process.js:344:16)
22 verbose stack     at nextTickCallbackWith2Args (node.js:442:9)
22 verbose stack     at process._tickCallback (node.js:356:17)
23 verbose cwd /home/ubuntu/workspace/url-shortener
24 error Linux 4.2.0-c9
25 error argv "/home/ubuntu/.nvm/versions/node/v4.6.1/bin/node" "/home/ubuntu/.nvm/versions/node/v4.6.1/bin/npm" "bugs" "url-shortener"
26 error node v4.6.1
27 error npm  v4.1.1
28 error path xdg-open
29 error code ENOENT
30 error errno ENOENT
31 error syscall spawn xdg-open
32 error enoent spawn xdg-open ENOENT
33 error enoent spawn xdg-open ENOENT
33 error enoent This is most likely not a problem with npm itself
33 error enoent and is related to npm not being able to find a file.
34 verbose exit [ 1, true ]
